#
# A fatal error has been detected by the Java Runtime Environment:
#
#  EXCEPTION_ACCESS_VIOLATION (0xc0000005) at pc=0x00007ffbb02f3a94, pid=23656, tid=19152
#
# JRE version: OpenJDK Runtime Environment (22.0.2+9) (build 22.0.2+9-70)
# Java VM: OpenJDK 64-Bit Server VM (22.0.2+9-70, mixed mode, sharing, tiered, compressed oops, compressed class ptrs, g1 gc, windows-amd64)
# Problematic frame:
# C  [VkLayer_khronos_validation.dll+0x493a94]
#
# No core dump will be written. Minidumps are not enabled by default on client versions of Windows
#
# If you would like to submit a bug report, please visit:
#   https://bugreport.java.com/bugreport/crash.jsp
# The crash happened outside the Java Virtual Machine in native code.
# See problematic frame for where to report the bug.
#

---------------  S U M M A R Y ------------

Command Line: -javaagent:E:\JetBrains\IntelliJ IDEA Ultimate\lib\idea_rt.jar=57221:E:\JetBrains\IntelliJ IDEA Ultimate\bin -Dfile.encoding=UTF-8 -Dsun.stdout.encoding=UTF-8 -Dsun.stderr.encoding=UTF-8 burbEngine.Main

Host: 13th Gen Intel(R) Core(TM) i9-13900KF, 32 cores, 63G,  Windows 10 , 64 bit Build 19041 (10.0.19041.4842)
Time: Sat Sep 14 22:12:02 2024 Pacific Daylight Time elapsed time: 0.498180 seconds (0d 0h 0m 0s)

---------------  T H R E A D  ---------------

Current thread (0x000001a857e23470):  JavaThread "main"             [_thread_in_native, id=19152, stack(0x000000514c200000,0x000000514c300000) (1024K)]

Stack: [0x000000514c200000,0x000000514c300000],  sp=0x000000514c2fd5a0,  free space=1013k
Native frames: (J=compiled Java code, j=interpreted, Vv=VM code, C=native code)
C  [VkLayer_khronos_validation.dll+0x493a94]  CoreChecks::ValidateSemaphoresForSubmit+0xa64  (cc_synchronization.cpp:303)
C  [VkLayer_khronos_validation.dll+0x4356d2]  CoreChecks::PreCallValidateQueueSubmit+0x7c2  (cc_queue.cpp:191)
C  [VkLayer_khronos_validation.dll+0x5408f5]  vulkan_layer_chassis::QueueSubmit+0x145  (chassis.cpp:1490)
C  [VkLayer_api_dump.dll+0x7f30ea]  vkQueueSubmit+0x7a  (api_dump.cpp:2579)
C  0x000001a86978cfc7  (no source info available)

The last pc belongs to native method entry point (kind = native) (printed below).
Java frames: (J=compiled Java code, j=interpreted, Vv=VM code)
j  org.lwjgl.system.JNI.callPPJI(JIJJJ)I+0
j  org.lwjgl.vulkan.VK10.nvkQueueSubmit(Lorg/lwjgl/vulkan/VkQueue;IJJ)I+44
j  org.lwjgl.vulkan.VK10.vkQueueSubmit(Lorg/lwjgl/vulkan/VkQueue;Lorg/lwjgl/vulkan/VkSubmitInfo;J)I+7
j  burbEngine.Application.drawFrame()V+235
j  burbEngine.Application.mainLoop()V+14
j  burbEngine.Application.run()V+9
j  burbEngine.Main.main([Ljava/lang/String;)V+9
v  ~StubRoutines::call_stub 0x000001a86978100d

siginfo: EXCEPTION_ACCESS_VIOLATION (0xc0000005), reading address 0x0000000000000080


Registers:
RAX=0x000000514c2fd628, RBX=0x0000000000000000, RCX=0x000000000000038d, RDX=0x0000000000000278
RSP=0x000000514c2fd5a0, RBP=0x000000514c2fd6a0, RSI=0x0000000000000000, RDI=0x00000344b6288000
R8 =0x0000000000000000, R9 =0x0000000000000060, R10=0x0000000000000000, R11=0x00000344b628e3c0
R12=0x00000000ffffffff, R13=0x000001a851768d98, R14=0x000000514c2fe2f8, R15=0x000001a87c6e3700
RIP=0x00007ffbb02f3a94, EFLAGS=0x0000000000010206


Register to memory mapping:

RAX=0x000000514c2fd628 is pointing into the stack for thread: 0x000001a857e23470
RBX=0x0 is null
RCX=0x000000000000038d is an unknown value
RDX=0x0000000000000278 is an unknown value
RSP=0x000000514c2fd5a0 is pointing into the stack for thread: 0x000001a857e23470
RBP=0x000000514c2fd6a0 is pointing into the stack for thread: 0x000001a857e23470
RSI=0x0 is null
RDI=0x00000344b6288000 points into unknown readable memory: 0x00007ffbb0abc940 | 40 c9 ab b0 fb 7f 00 00
R8 =0x0 is null
R9 =0x0000000000000060 is an unknown value
R10=0x0 is null
R11=0x00000344b628e3c0 points into unknown readable memory: 0x0000000000000000 | 00 00 00 00 00 00 00 00
R12=0x00000000ffffffff is an unknown value
R13=0x000001a851768d98 points into unknown readable memory: 0x0000000000000004 | 04 00 00 00 00 00 00 00
R14=0x000000514c2fe2f8 is pointing into the stack for thread: 0x000001a857e23470
R15=0x000001a87c6e3700 points into unknown readable memory: 0x000001a87c948520 | 20 85 94 7c a8 01 00 00

Top of Stack: (sp=0x000000514c2fd5a0)
0x000000514c2fd5a0:   0000000000000000 000000514c2fd6a0
0x000000514c2fd5b0:   0000000000000000 0000000000000000
0x000000514c2fd5c0:   0000000000000400 0000000000000001
0x000000514c2fd5d0:   000001a857df0000 000001a87d1f0a28
0x000000514c2fd5e0:   0000000000000000 0000000000000001
0x000000514c2fd5f0:   000000014200d300 000000000000007b
0x000000514c2fd600:   00000344b6288000 000001a87d1f0a30
0x000000514c2fd610:   0000000000000000 00000344b6490810
0x000000514c2fd620:   00000344b6490800 0000000000000000
0x000000514c2fd630:   0000000000000000 000001a869788a08
0x000000514c2fd640:   000000514c2fe2f8 0000000000000000
0x000000514c2fd650:   000000514c2fe480 0000000000000080
0x000000514c2fd660:   0000000000000000 0000000000000000
0x000000514c2fd670:   0000038d00000278 00000000000006f3
0x000000514c2fd680:   000001a810367900 000000514c2fe2f8
0x000000514c2fd690:   0000038d00000278 00000000000006f8
0x000000514c2fd6a0:   0000000000000000 000000514c2fe2f8
0x000000514c2fd6b0:   0000038d00000278 000000000000068e
0x000000514c2fd6c0:   0000000000000000 000000514c2fe2f8
0x000000514c2fd6d0:   0000000000000000 000001a8108364d6
0x000000514c2fd6e0:   fffffffffffffff7 000001a8108357e8
0x000000514c2fd6f0:   0000000000000003 00007ffbb01ca234
0x000000514c2fd700:   0000000000a10056 0000000000000021
0x000000514c2fd710:   000001a87c979e50 0000000000000000
0x000000514c2fd720:   000000514c2fd740 00007ffbb01ca0e3
0x000000514c2fd730:   000001a800000000 00007ffbb025f222
0x000000514c2fd740:   0000000000000001 00007ffbb026186d
0x000000514c2fd750:   00000344b63118b8 0000000000000001
0x000000514c2fd760:   0000000000000000 0000005100000001
0x000000514c2fd770:   0000000000000000 0000000000000001
0x000000514c2fd780:   000001a87d1f0a58 00007ffbb01c9ed3
0x000000514c2fd790:   000001a87d1f0a58 000000514c2fdaa0 

Instructions: (pc=0x00007ffbb02f3a94)
0x00007ffbb02f3994:   85 10 0a 00 00 48 8d 95 50 01 00 00 48 8b 7c 24
0x00007ffbb02f39a4:   60 48 8b cf e8 a3 0c eb ff 44 0f b6 7c 24 50 44
0x00007ffbb02f39b4:   0a f8 48 8d 8d 10 0a 00 00 e8 9e 63 e7 ff 90 48
0x00007ffbb02f39c4:   8d 8d 50 08 00 00 e8 11 6e e7 ff 90 48 8d 8d 70
0x00007ffbb02f39d4:   08 00 00 e8 04 6e e7 ff 90 48 8d 8d 90 08 00 00
0x00007ffbb02f39e4:   e8 f7 6d e7 ff 90 48 8b 4d 80 48 85 c9 0f 84 0e
0x00007ffbb02f39f4:   02 00 00 41 8b c4 f0 0f c1 41 08 83 f8 01 0f 85
0x00007ffbb02f3a04:   fd 01 00 00 48 8b 7d 80 48 8b 07 48 8b cf ff 10
0x00007ffbb02f3a14:   41 8b c4 f0 0f c1 47 0c 83 f8 01 75 0a 48 8b 4d
0x00007ffbb02f3a24:   80 48 8b 01 ff 50 08 4c 8b 75 a0 48 8b 7c 24 60
0x00007ffbb02f3a34:   33 f6 41 39 75 38 0f 86 37 06 00 00 48 8d 0c f5
0x00007ffbb02f3a44:   00 00 00 00 48 89 4d c8 49 8b 45 40 48 8b 04 01
0x00007ffbb02f3a54:   48 89 44 24 70 48 c7 45 c0 00 00 00 00 4c 8b c0
0x00007ffbb02f3a64:   48 8d 55 88 48 8b cf e8 c0 03 f5 ff 90 41 8b 4e
0x00007ffbb02f3a74:   04 41 8b 16 89 55 10 89 4d 14 c7 45 18 8e 06 00
0x00007ffbb02f3a84:   00 89 75 1c c6 45 20 00 4c 89 75 28 4c 8b 45 88
0x00007ffbb02f3a94:   41 83 b8 80 00 00 00 01 0f 85 6c 01 00 00 48 85
0x00007ffbb02f3aa4:   db 0f 84 b4 04 00 00 41 8b 45 38 89 44 24 54 3b
0x00007ffbb02f3ab4:   43 20 0f 85 b8 01 00 00 48 8b 43 28 48 8b 4d c8
0x00007ffbb02f3ac4:   48 8b 04 01 e9 45 01 00 00 48 8b 74 24 70 4c 8b
0x00007ffbb02f3ad4:   ce 4c 8d 05 5c 95 75 00 48 8d 95 b0 08 00 00 48
0x00007ffbb02f3ae4:   8b 4f 48 e8 a4 7f 3e 00 90 48 8d bd b0 08 00 00
0x00007ffbb02f3af4:   48 83 bd c8 08 00 00 10 48 0f 43 bd b0 08 00 00
0x00007ffbb02f3b04:   48 8d 8d 70 0a 00 00 e8 c0 62 e7 ff 90 8b 95 70
0x00007ffbb02f3b14:   0a 00 00 ff c2 48 8d 8d 70 0a 00 00 e8 bb 7c e7
0x00007ffbb02f3b24:   ff 8b 85 70 0a 00 00 48 c1 e0 04 48 03 85 c0 0a
0x00007ffbb02f3b34:   00 00 48 89 30 c7 40 08 07 00 00 00 ff 85 70 0a
0x00007ffbb02f3b44:   00 00 48 8d 05 d3 9d 75 00 48 89 85 40 01 00 00
0x00007ffbb02f3b54:   48 c7 85 48 01 00 00 27 00 00 00 0f 28 85 40 01
0x00007ffbb02f3b64:   00 00 66 0f 7f 85 60 01 00 00 48 89 7c 24 28 48
0x00007ffbb02f3b74:   8d 05 46 98 75 00 48 89 44 24 20 4c 8d 4d f0 4c
0x00007ffbb02f3b84:   8d 85 70 0a 00 00 48 8d 95 60 01 00 00 48 8b 7c 


Stack slot to memory mapping:

stack at sp + 0 slots: 0x0 is null
stack at sp + 1 slots: 0x000000514c2fd6a0 is pointing into the stack for thread: 0x000001a857e23470
stack at sp + 2 slots: 0x0 is null
stack at sp + 3 slots: 0x0 is null
stack at sp + 4 slots: 0x0000000000000400 is an unknown value
stack at sp + 5 slots: 0x0000000000000001 is an unknown value
stack at sp + 6 slots: 0x000001a857df0000 points into unknown readable memory: 0x0000000000000000 | 00 00 00 00 00 00 00 00
stack at sp + 7 slots: 0x000001a87d1f0a28 points into unknown readable memory: 0x18fc9fe9b3946bb3 | b3 6b 94 b3 e9 9f fc 18

native method entry point (kind = native)  [0x000001a86978cba0, 0x000001a86978d6c0]  2848 bytes
[MachCode]
  0x000001a86978cba0: 488b 4b08 | 0fb7 492e | 584c 8d74 | ccf8 6800 | 0000 0068 | 0000 0000 | 5055 488b | ec41 5568 
  0x000001a86978cbc0: 0000 0000 | 4c8b 6b08 | 4d8d 6d38 | 5348 8b53 | 0848 8b52 | 0848 8b52 | 1848 8b52 | 7048 8b12 
  0x000001a86978cbe0: 5248 8b53 | 1048 85d2 | 0f84 0700 | 0000 4881 | c210 0100 | 0052 488b | 5308 488b | 5208 488b 
  0x000001a86978cc00: 5210 5249 | 8bc6 482b | c548 c1e8 | 0350 6800 | 0000 0068 | f7ff ffff | 41c6 8781 | 0400 0001 
  0x000001a86978cc20: 488b 4310 | 4885 c074 | 208b 88cc | 0000 0083 | c102 8988 | cc00 0000 | 2388 e000 | 0000 0f84 
  0x000001a86978cc40: cb09 0000 | e9cf 0000 | 0048 8b43 | 1848 85c0 | 0f85 b000 | 0000 e805 | 0000 00e9 | 9900 0000 
  0x000001a86978cc60: 488b d348 | 8d44 2408 | 4c89 6dc0 | 498b cfc5 | f877 4989 | afb0 0300 | 0049 8987 | a003 0000 
  0x000001a86978cc80: 4883 ec20 | 40f6 c40f | 0f84 1900 | 0000 4883 | ec08 48b8 | 00a7 c2d8 | fb7f 0000 | ffd0 4883 
  0x000001a86978cca0: c408 e90c | 0000 0048 | b800 a7c2 | d8fb 7f00 | 00ff d048 | 83c4 2049 | c787 a003 | 0000 0000 
  0x000001a86978ccc0: 0000 49c7 | 87b0 0300 | 0000 0000 | 0049 c787 | a803 0000 | 0000 0000 | c5f8 7749 | 837f 0800 
  0x000001a86978cce0: 0f84 0500 | 0000 e915 | 42ff ff4c | 8b6d c04c | 8b75 c84e | 8d74 f500 | c348 8b43 | 1848 85c0 
  0x000001a86978cd00: 0f84 1200 | 0000 8b48 | 0883 c102 | 8948 0823 | 481c 0f84 | f708 0000 | 493b a7f0 | 0400 000f 
  0x000001a86978cd20: 8748 0000 | 0089 8424 | 00f0 ffff | 8984 2400 | e0ff ff89 | 8424 00d0 | ffff 8984 | 2400 c0ff 
  0x000001a86978cd40: ff89 8424 | 00b0 ffff | 8984 2400 | a0ff ff89 | 8424 0090 | ffff 8984 | 2400 80ff | ff49 3ba7 
  0x000001a86978cd60: e804 0000 | 7607 4989 | a7f0 0400 | 0041 c687 | 8104 0000 | 0049 ba6c | 4049 d9fb | 7f00 0041 
  0x000001a86978cd80: 803a 000f | 843e 0000 | 0048 8b55 | e849 8bcf | 4883 ec20 | 40f6 c40f | 0f84 1900 | 0000 4883 
  0x000001a86978cda0: ec08 48b8 | 80b9 f9d8 | fb7f 0000 | ffd0 4883 | c408 e90c | 0000 0048 | b880 b9f9 | d8fb 7f00 
  0x000001a86978cdc0: 00ff d048 | 83c4 2048 | 8b5d e84c | 8b5b 0845 | 0fb7 5b2e | 41c1 e303 | 492b e348 | 83ec 2048 
  0x000001a86978cde0: 83e4 f04c | 8b5b 604d | 85db 0f85 | ab00 0000 | e805 0000 | 00e9 9900 | 0000 488b | d348 8d44 
  0x000001a86978ce00: 2408 4c89 | 6dc0 498b | cfc5 f877 | 4989 afb0 | 0300 0049 | 8987 a003 | 0000 4883 | ec20 40f6 
  0x000001a86978ce20: c40f 0f84 | 1900 0000 | 4883 ec08 | 48b8 20ce | c2d8 fb7f | 0000 ffd0 | 4883 c408 | e90c 0000 
  0x000001a86978ce40: 0048 b820 | cec2 d8fb | 7f00 00ff | d048 83c4 | 2049 c787 | a003 0000 | 0000 0000 | 49c7 87b0 
  0x000001a86978ce60: 0300 0000 | 0000 0049 | c787 a803 | 0000 0000 | 0000 c5f8 | 7749 837f | 0800 0f84 | 0500 0000 
  0x000001a86978ce80: e97b 40ff | ff4c 8b6d | c04c 8b75 | c84e 8d74 | f500 c348 | 8b5d e84c | 8b5b 6041 | ffd3 488b 
  0x000001a86978cea0: 5de8 4889 | 4518 448b | 5b28 41f6 | c308 0f84 | 1b00 0000 | 4c8b 5b08 | 4d8b 5b08 | 4d8b 5b18 
  0x000001a86978cec0: 4d8b 5b70 | 4d8b 1b4c | 895d 1048 | 8d55 1048 | 8b43 5849 | ba80 10fa | d8fb 7f00 | 0049 3bc2 
  0x000001a86978cee0: 0f85 ab00 | 0000 e805 | 0000 00e9 | 9900 0000 | 488b d348 | 8d44 2408 | 4c89 6dc0 | 498b cfc5 
  0x000001a86978cf00: f877 4989 | afb0 0300 | 0049 8987 | a003 0000 | 4883 ec20 | 40f6 c40f | 0f84 1900 | 0000 4883 
  0x000001a86978cf20: ec08 48b8 | 20ce c2d8 | fb7f 0000 | ffd0 4883 | c408 e90c | 0000 0048 | b820 cec2 | d8fb 7f00 
  0x000001a86978cf40: 00ff d048 | 83c4 2049 | c787 a003 | 0000 0000 | 0000 49c7 | 87b0 0300 | 0000 0000 | 0049 c787 
  0x000001a86978cf60: a803 0000 | 0000 0000 | c5f8 7749 | 837f 0800 | 0f84 0500 | 0000 e985 | 3fff ff4c | 8b6d c04c 
  0x000001a86978cf80: 8b75 c84e | 8d74 f500 | c348 8b5d | e848 8b43 | 5849 8d8f | c003 0000 | c5f8 7749 | 89af b003 
  0x000001a86978cfa0: 0000 49ba | 98cf 7869 | a801 0000 | 4d89 97a8 | 0300 0049 | 89a7 a003 | 0000 41c7 | 8754 0400 
  0x000001a86978cfc0: 0004 0000 | 00ff d0c5 | f877 4883 | ec10 c5fb | 1104 2448 | 83ec 1048 | 8904 2448 | c744 2408 
  0x000001a86978cfe0: 0000 0000 | 41c7 8754 | 0400 0005 | 0000 00f0 | 8344 24c0 | 0049 3baf | 5804 0000 | 0f87 0e00 
  0x000001a86978d000: 0000 4183 | bf50 0400 | 0000 0f84 | 2000 0000 | 498b cf4c | 8be4 4883 | ec20 4883 | e4f0 48b8 
  0x000001a86978d020: 4023 c4d8 | fb7f 0000 | ffd0 498b | e44d 33e4 | 41c7 8754 | 0400 0008 | 0000 0049 | c787 a003 
  0x000001a86978d040: 0000 0000 | 0000 49c7 | 87b0 0300 | 0000 0000 | 0049 c787 | a803 0000 | 0000 0000 | c5f8 774d 
  0x000001a86978d060: 8b9f 3004 | 0000 41c7 | 8300 0100 | 0000 0000 | 0049 bb1a | a578 69a8 | 0100 004c | 3b5d 180f 
  0x000001a86978d080: 8524 0200 | 0048 8b04 | 2448 83c4 | 1048 85c0 | 0f84 fe01 | 0000 a803 | 0f85 0800 | 0000 488b 
  0x000001a86978d0a0: 00e9 ee01 | 0000 a801 | 0f85 0900 | 0000 488b | 40fe e9dd | 0100 0048 | 8b40 ff41 | 807f 3800 
  0x000001a86978d0c0: 0f84 ce01 | 0000 4883 | f800 0f84 | c401 0000 | 4d8b 5f28 | 4983 fb00 | 0f84 1400 | 0000 4983 
  0x000001a86978d0e0: eb08 4d89 | 5f28 4d03 | 5f30 4989 | 03e9 a201 | 0000 4881 | ecd0 0000 | 0048 8904 | 2448 894c 
  0x000001a86978d100: 2408 4889 | 5424 1048 | 8974 2418 | 4889 7c24 | 204c 8944 | 2428 4c89 | 4c24 304c | 8954 2438 
  0x000001a86978d120: 4c89 5c24 | 40c5 fb11 | 4424 50c5 | fb11 4c24 | 58c5 fb11 | 5424 60c5 | fb11 5c24 | 68c5 fb11 
  0x000001a86978d140: 6424 70c5 | fb11 6c24 | 78c5 fb11 | b424 8000 | 0000 c5fb | 11bc 2488 | 0000 00c5 | 7b11 8424 
  0x000001a86978d160: 9000 0000 | c57b 118c | 2498 0000 | 00c5 7b11 | 9424 a000 | 0000 c57b | 119c 24a8 | 0000 00c5 
  0x000001a86978d180: 7b11 a424 | b000 0000 | c57b 11ac | 24b8 0000 | 00c5 7b11 | b424 c000 | 0000 c57b | 11bc 24c8 
  0x000001a86978d1a0: 0000 0049 | 8bd7 488b | c848 83ec | 2040 f6c4 | 0f0f 8419 | 0000 0048 | 83ec 0848 | b830 3fb7 
  0x000001a86978d1c0: d8fb 7f00 | 00ff d048 | 83c4 08e9 | 0c00 0000 | 48b8 303f | b7d8 fb7f | 0000 ffd0 | 4883 c420 
  0x000001a86978d1e0: c57b 10bc | 24c8 0000 | 00c5 7b10 | b424 c000 | 0000 c57b | 10ac 24b8 | 0000 00c5 | 7b10 a424 
  0x000001a86978d200: b000 0000 | c57b 109c | 24a8 0000 | 00c5 7b10 | 9424 a000 | 0000 c57b | 108c 2498 | 0000 00c5 
  0x000001a86978d220: 7b10 8424 | 9000 0000 | c5fb 10bc | 2488 0000 | 00c5 fb10 | b424 8000 | 0000 c5fb | 106c 2478 
  0x000001a86978d240: c5fb 1064 | 2470 c5fb | 105c 2468 | c5fb 1054 | 2460 c5fb | 104c 2458 | c5fb 1044 | 2450 4c8b 
  0x000001a86978d260: 5c24 404c | 8b54 2438 | 4c8b 4c24 | 304c 8b44 | 2428 488b | 7c24 2048 | 8b74 2418 | 488b 5424 
  0x000001a86978d280: 1048 8b4c | 2408 488b | 0424 4881 | c4d0 0000 | 00c5 f877 | 4889 4510 | 4883 ec10 | 4889 0424 
  0x000001a86978d2a0: 48c7 4424 | 0800 0000 | 0041 83bf | d004 0000 | 020f 85bf | 0000 0048 | 81ec 8000 | 0000 4889 
  0x000001a86978d2c0: 4424 7848 | 894c 2470 | 4889 5424 | 6848 895c | 2460 4889 | 6c24 5048 | 8974 2448 | 4889 7c24 
  0x000001a86978d2e0: 404c 8944 | 2438 4c89 | 4c24 304c | 8954 2428 | 4c89 5c24 | 204c 8964 | 2418 4c89 | 6c24 104c 
  0x000001a86978d300: 8974 2408 | 4c89 3c24 | 4c8b e448 | 83ec 2048 | 83e4 f048 | b8d0 f1f9 | d8fb 7f00 | 00ff d049 
  0x000001a86978d320: 8be4 4c8b | 3c24 4c8b | 7424 084c | 8b6c 2410 | 4c8b 6424 | 184c 8b5c | 2420 4c8b | 5424 284c 
  0x000001a86978d340: 8b4c 2430 | 4c8b 4424 | 3848 8b7c | 2440 488b | 7424 4848 | 8b6c 2450 | 488b 5c24 | 6048 8b54 
  0x000001a86978d360: 2468 488b | 4c24 7048 | 8b44 2478 | 4881 c480 | 0000 004d | 33e4 488b | 5de8 4c8b | 6b08 4d8d 
  0x000001a86978d380: 6d38 4983 | 7f08 000f | 84bb 0000 | 00e8 0500 | 0000 e996 | 0000 0048 | 8d44 2408 | 4c89 6dc0 
  0x000001a86978d3a0: 498b cfc5 | f877 4989 | afb0 0300 | 0049 8987 | a003 0000 | 4883 ec20 | 40f6 c40f | 0f84 1900 
  0x000001a86978d3c0: 0000 4883 | ec08 48b8 | 60ec c2d8 | fb7f 0000 | ffd0 4883 | c408 e90c | 0000 0048 | b860 ecc2 
  0x000001a86978d3e0: d8fb 7f00 | 00ff d048 | 83c4 2049 | c787 a003 | 0000 0000 | 0000 49c7 | 87b0 0300 | 0000 0000 
  0x000001a86978d400: 0049 c787 | a803 0000 | 0000 0000 | c5f8 7749 | 837f 0800 | 0f84 0500 | 0000 e9e1 | 3aff ff4c 
  0x000001a86978d420: 8b6d c04c | 8b75 c84e | 8d74 f500 | c348 b9b0 | 2821 d9fb | 7f00 0048 | 83e4 f048 | b830 99e8 
  0x000001a86978d440: d8fb 7f00 | 00ff d0f4 | 448b 5b28 | 41f6 c320 | 0f84 4401 | 0000 488d | 55a8 4c8b | 5a08 4d85 
  0x000001a86978d460: db0f 85bb | 0000 00e8 | 0500 0000 | e996 0000 | 0048 8d44 | 2408 4c89 | 6dc0 498b | cfc5 f877 
  0x000001a86978d480: 4989 afb0 | 0300 0049 | 8987 a003 | 0000 4883 | ec20 40f6 | c40f 0f84 | 1900 0000 | 4883 ec08 
  0x000001a86978d4a0: 48b8 90eb | c2d8 fb7f | 0000 ffd0 | 4883 c408 | e90c 0000 | 0048 b890 | ebc2 d8fb | 7f00 00ff 
  0x000001a86978d4c0: d048 83c4 | 2049 c787 | a003 0000 | 0000 0000 | 49c7 87b0 | 0300 0000 | 0000 0049 | c787 a803 
  0x000001a86978d4e0: 0000 0000 | 0000 c5f8 | 7749 837f | 0800 0f84 | 0500 0000 | e907 3aff | ff4c 8b6d | c04c 8b75 
  0x000001a86978d500: c84e 8d74 | f500 c348 | b9b0 2821 | d9fb 7f00 | 0048 83e4 | f048 b830 | 99e8 d8fb | 7f00 00ff 
  0x000001a86978d520: d0f4 4c89 | 6dc0 488d | 024c 8b4a | 0848 c742 | 0800 0000 | 004c 8b00 | 4d85 c00f | 840b 0000 
  0x000001a86978d540: 00f0 4d0f | b101 0f85 | 0c00 0000 | 49ff 8f58 | 0500 00e9 | 3e00 0000 | 4c89 4a08 | 488b ca48 
  0x000001a86978d560: 83ec 2040 | f6c4 0f0f | 8419 0000 | 0048 83ec | 0848 b820 | bec2 d8fb | 7f00 00ff | d048 83c4 
  0x000001a86978d580: 08e9 0c00 | 0000 48b8 | 20be c2d8 | fb7f 0000 | ffd0 4883 | c420 4c8b | 6dc0 49ba | 6c40 49d9 
  0x000001a86978d5a0: fb7f 0000 | 4180 3a00 | 0f84 3e00 | 0000 488b | 55e8 498b | cf48 83ec | 2040 f6c4 | 0f0f 8419 
  0x000001a86978d5c0: 0000 0048 | 83ec 0848 | b880 b9f9 | d8fb 7f00 | 00ff d048 | 83c4 08e9 | 0c00 0000 | 48b8 80b9 
  0x000001a86978d5e0: f9d8 fb7f | 0000 ffd0 | 4883 c420 | 488b 0424 | 4883 c410 | c5fb 1004 | 2448 83c4 | 104c 8b5d 
  0x000001a86978d600: 1841 ffd3 | 4c8b 5df8 | c95f 498b | e3ff e7ba | 0000 0000 | e805 0000 | 00e9 9600 | 0000 488d 
  0x000001a86978d620: 4424 084c | 896d c049 | 8bcf c5f8 | 7749 89af | b003 0000 | 4989 87a0 | 0300 0048 | 83ec 2040 
  0x000001a86978d640: f6c4 0f0f | 8419 0000 | 0048 83ec | 0848 b8e0 | b1c2 d8fb | 7f00 00ff | d048 83c4 | 08e9 0c00 
  0x000001a86978d660: 0000 48b8 | e0b1 c2d8 | fb7f 0000 | ffd0 4883 | c420 49c7 | 87a0 0300 | 0000 0000 | 0049 c787 
  0x000001a86978d680: b003 0000 | 0000 0000 | 49c7 87a8 | 0300 0000 | 0000 00c5 | f877 4983 | 7f08 000f | 8405 0000 
  0x000001a86978d6a0: 00e9 5a38 | ffff 4c8b | 6dc0 4c8b | 75c8 4e8d | 74f5 00c3 | 488b 5de8 | e95b f6ff | ff66 6690 
[/MachCode]

---------------  P R O C E S S  ---------------

Threads class SMR info:
_java_thread_list=0x000001a87c9604f0, length=16, elements={
0x000001a857e23470, 0x000001a8510b0250, 0x000001a8510b2020, 0x000001a8510b2c80,
0x000001a8510b57f0, 0x000001a8510b6870, 0x000001a8510bf980, 0x000001a8510c7580,
0x000001a8510ca450, 0x000001a8511645d0, 0x000001a8511d8c50, 0x000001a8512603c0,
0x000001a8512618d0, 0x000001a8513ec560, 0x000001a8513ee5d0, 0x000001a87c95fcc0
}

Java Threads: ( => current thread )
=>0x000001a857e23470 JavaThread "main"                              [_thread_in_native, id=19152, stack(0x000000514c200000,0x000000514c300000) (1024K)]
  0x000001a8510b0250 JavaThread "Reference Handler"          daemon [_thread_blocked, id=12584, stack(0x000000514ca00000,0x000000514cb00000) (1024K)]
  0x000001a8510b2020 JavaThread "Finalizer"                  daemon [_thread_blocked, id=3384, stack(0x000000514cb00000,0x000000514cc00000) (1024K)]
  0x000001a8510b2c80 JavaThread "Signal Dispatcher"          daemon [_thread_blocked, id=15432, stack(0x000000514cc00000,0x000000514cd00000) (1024K)]
  0x000001a8510b57f0 JavaThread "Attach Listener"            daemon [_thread_blocked, id=24032, stack(0x000000514cd00000,0x000000514ce00000) (1024K)]
  0x000001a8510b6870 JavaThread "Service Thread"             daemon [_thread_blocked, id=9304, stack(0x000000514ce00000,0x000000514cf00000) (1024K)]
  0x000001a8510bf980 JavaThread "Monitor Deflation Thread"   daemon [_thread_blocked, id=3920, stack(0x000000514cf00000,0x000000514d000000) (1024K)]
  0x000001a8510c7580 JavaThread "C2 CompilerThread0"         daemon [_thread_blocked, id=26792, stack(0x000000514d000000,0x000000514d100000) (1024K)]
  0x000001a8510ca450 JavaThread "C1 CompilerThread0"         daemon [_thread_blocked, id=19220, stack(0x000000514d100000,0x000000514d200000) (1024K)]
  0x000001a8511645d0 JavaThread "C1 CompilerThread1"         daemon [_thread_blocked, id=20660, stack(0x000000514d200000,0x000000514d300000) (1024K)]
  0x000001a8511d8c50 JavaThread "Common-Cleaner"             daemon [_thread_blocked, id=20116, stack(0x000000514d300000,0x000000514d400000) (1024K)]
  0x000001a8512603c0 JavaThread "C1 CompilerThread2"         daemon [_thread_blocked, id=936, stack(0x000000514d400000,0x000000514d500000) (1024K)]
  0x000001a8512618d0 JavaThread "C2 CompilerThread1"         daemon [_thread_blocked, id=19164, stack(0x000000514d500000,0x000000514d600000) (1024K)]
  0x000001a8513ec560 JavaThread "Monitor Ctrl-Break"         daemon [_thread_in_native, id=26592, stack(0x000000514d600000,0x000000514d700000) (1024K)]
  0x000001a8513ee5d0 JavaThread "Notification Thread"        daemon [_thread_blocked, id=22140, stack(0x000000514d700000,0x000000514d800000) (1024K)]
  0x000001a87c95fcc0 JavaThread "C1 CompilerThread3"         daemon [_thread_blocked, id=732, stack(0x000000514e500000,0x000000514e600000) (1024K)]
Total: 16

Other Threads:
  0x000001a8510962f0 VMThread "VM Thread"                           [id=13668, stack(0x000000514c900000,0x000000514ca00000) (1024K)]
  0x000001a8510810e0 WatcherThread "VM Periodic Task Thread"        [id=14744, stack(0x000000514c800000,0x000000514c900000) (1024K)]
  0x000001a8767ffe10 WorkerThread "GC Thread#0"                     [id=24844, stack(0x000000514c300000,0x000000514c400000) (1024K)]
  0x000001a85a0e32e0 ConcurrentGCThread "G1 Main Marker"            [id=18816, stack(0x000000514c400000,0x000000514c500000) (1024K)]
  0x000001a85a0e3d00 WorkerThread "G1 Conc#0"                       [id=16104, stack(0x000000514c500000,0x000000514c600000) (1024K)]
  0x000001a8768fc880 ConcurrentGCThread "G1 Refine#0"               [id=21720, stack(0x000000514c600000,0x000000514c700000) (1024K)]
  0x000001a8768fe410 ConcurrentGCThread "G1 Service"                [id=18884, stack(0x000000514c700000,0x000000514c800000) (1024K)]
Total: 7

Threads with active compile tasks:
Total: 0

VM state: not at safepoint (normal execution)

VM Mutex/Monitor currently owned by a thread: None

Heap address: 0x0000000402800000, size: 16344 MB, Compressed Oops mode: Zero based, Oop shift amount: 3

CDS archive(s) mapped at: [0x000001a810000000-0x000001a810c60000-0x000001a810c60000), size 12976128, SharedBaseAddress: 0x000001a810000000, ArchiveRelocationMode: 1.
Compressed class space mapped at: 0x000001a811000000-0x000001a851000000, reserved size: 1073741824
Narrow klass base: 0x000001a810000000, Narrow klass shift: 0, Narrow klass range: 0x41000000

GC Precious Log:
 CardTable entry size: 512
 Card Set container configuration: InlinePtr #cards 4 size 8 Array Of Cards #cards 64 size 144 Howl #buckets 8 coarsen threshold 14745 Howl Bitmap #cards 2048 size 272 coarsen threshold 1843 Card regions per heap region 1 cards per card region 16384
 CPUs: 32 total, 32 available
 Memory: 65371M
 Large Page Support: Disabled
 NUMA Support: Disabled
 Compressed Oops: Enabled (Zero based)
 Heap Region Size: 8M
 Heap Min Capacity: 8M
 Heap Initial Capacity: 1G
 Heap Max Capacity: 16344M
 Pre-touch: Disabled
 Parallel Workers: 23
 Concurrent Workers: 6
 Concurrent Refinement Workers: 23
 Periodic GC: Disabled

Heap:
 garbage-first heap   total reserved 16736256K, committed 1048576K, used 16384K [0x0000000402800000, 0x0000000800000000)
  region size 8192K, 3 young (24576K), 0 survivors (0K)
 Metaspace       used 5002K, committed 5184K, reserved 1114112K
  class space    used 332K, committed 384K, reserved 1048576K

Heap Regions: E=young(eden), S=young(survivor), O=old, HS=humongous(starts), HC=humongous(continues), CS=collection set, F=free, TAMS=top-at-mark-start, PB=parsable bottom
|   0|0x0000000402800000, 0x0000000402800000, 0x0000000403000000|  0%| F|  |TAMS 0x0000000402800000| PB 0x0000000402800000| Untracked |  0
|   1|0x0000000403000000, 0x0000000403000000, 0x0000000403800000|  0%| F|  |TAMS 0x0000000403000000| PB 0x0000000403000000| Untracked |  0
|   2|0x0000000403800000, 0x0000000403800000, 0x0000000404000000|  0%| F|  |TAMS 0x0000000403800000| PB 0x0000000403800000| Untracked |  0
|   3|0x0000000404000000, 0x0000000404000000, 0x0000000404800000|  0%| F|  |TAMS 0x0000000404000000| PB 0x0000000404000000| Untracked |  0
|   4|0x0000000404800000, 0x0000000404800000, 0x0000000405000000|  0%| F|  |TAMS 0x0000000404800000| PB 0x0000000404800000| Untracked |  0
|   5|0x0000000405000000, 0x0000000405000000, 0x0000000405800000|  0%| F|  |TAMS 0x0000000405000000| PB 0x0000000405000000| Untracked |  0
|   6|0x0000000405800000, 0x0000000405800000, 0x0000000406000000|  0%| F|  |TAMS 0x0000000405800000| PB 0x0000000405800000| Untracked |  0
|   7|0x0000000406000000, 0x0000000406000000, 0x0000000406800000|  0%| F|  |TAMS 0x0000000406000000| PB 0x0000000406000000| Untracked |  0
|   8|0x0000000406800000, 0x0000000406800000, 0x0000000407000000|  0%| F|  |TAMS 0x0000000406800000| PB 0x0000000406800000| Untracked |  0
|   9|0x0000000407000000, 0x0000000407000000, 0x0000000407800000|  0%| F|  |TAMS 0x0000000407000000| PB 0x0000000407000000| Untracked |  0
|  10|0x0000000407800000, 0x0000000407800000, 0x0000000408000000|  0%| F|  |TAMS 0x0000000407800000| PB 0x0000000407800000| Untracked |  0
|  11|0x0000000408000000, 0x0000000408000000, 0x0000000408800000|  0%| F|  |TAMS 0x0000000408000000| PB 0x0000000408000000| Untracked |  0
|  12|0x0000000408800000, 0x0000000408800000, 0x0000000409000000|  0%| F|  |TAMS 0x0000000408800000| PB 0x0000000408800000| Untracked |  0
|  13|0x0000000409000000, 0x0000000409000000, 0x0000000409800000|  0%| F|  |TAMS 0x0000000409000000| PB 0x0000000409000000| Untracked |  0
|  14|0x0000000409800000, 0x0000000409800000, 0x000000040a000000|  0%| F|  |TAMS 0x0000000409800000| PB 0x0000000409800000| Untracked |  0
|  15|0x000000040a000000, 0x000000040a000000, 0x000000040a800000|  0%| F|  |TAMS 0x000000040a000000| PB 0x000000040a000000| Untracked |  0
|  16|0x000000040a800000, 0x000000040a800000, 0x000000040b000000|  0%| F|  |TAMS 0x000000040a800000| PB 0x000000040a800000| Untracked |  0
|  17|0x000000040b000000, 0x000000040b000000, 0x000000040b800000|  0%| F|  |TAMS 0x000000040b000000| PB 0x000000040b000000| Untracked |  0
|  18|0x000000040b800000, 0x000000040b800000, 0x000000040c000000|  0%| F|  |TAMS 0x000000040b800000| PB 0x000000040b800000| Untracked |  0
|  19|0x000000040c000000, 0x000000040c000000, 0x000000040c800000|  0%| F|  |TAMS 0x000000040c000000| PB 0x000000040c000000| Untracked |  0
|  20|0x000000040c800000, 0x000000040c800000, 0x000000040d000000|  0%| F|  |TAMS 0x000000040c800000| PB 0x000000040c800000| Untracked |  0
|  21|0x000000040d000000, 0x000000040d000000, 0x000000040d800000|  0%| F|  |TAMS 0x000000040d000000| PB 0x000000040d000000| Untracked |  0
|  22|0x000000040d800000, 0x000000040d800000, 0x000000040e000000|  0%| F|  |TAMS 0x000000040d800000| PB 0x000000040d800000| Untracked |  0
|  23|0x000000040e000000, 0x000000040e000000, 0x000000040e800000|  0%| F|  |TAMS 0x000000040e000000| PB 0x000000040e000000| Untracked |  0
|  24|0x000000040e800000, 0x000000040e800000, 0x000000040f000000|  0%| F|  |TAMS 0x000000040e800000| PB 0x000000040e800000| Untracked |  0
|  25|0x000000040f000000, 0x000000040f000000, 0x000000040f800000|  0%| F|  |TAMS 0x000000040f000000| PB 0x000000040f000000| Untracked |  0
|  26|0x000000040f800000, 0x000000040f800000, 0x0000000410000000|  0%| F|  |TAMS 0x000000040f800000| PB 0x000000040f800000| Untracked |  0
|  27|0x0000000410000000, 0x0000000410000000, 0x0000000410800000|  0%| F|  |TAMS 0x0000000410000000| PB 0x0000000410000000| Untracked |  0
|  28|0x0000000410800000, 0x0000000410800000, 0x0000000411000000|  0%| F|  |TAMS 0x0000000410800000| PB 0x0000000410800000| Untracked |  0
|  29|0x0000000411000000, 0x0000000411000000, 0x0000000411800000|  0%| F|  |TAMS 0x0000000411000000| PB 0x0000000411000000| Untracked |  0
|  30|0x0000000411800000, 0x0000000411800000, 0x0000000412000000|  0%| F|  |TAMS 0x0000000411800000| PB 0x0000000411800000| Untracked |  0
|  31|0x0000000412000000, 0x0000000412000000, 0x0000000412800000|  0%| F|  |TAMS 0x0000000412000000| PB 0x0000000412000000| Untracked |  0
|  32|0x0000000412800000, 0x0000000412800000, 0x0000000413000000|  0%| F|  |TAMS 0x0000000412800000| PB 0x0000000412800000| Untracked |  0
|  33|0x0000000413000000, 0x0000000413000000, 0x0000000413800000|  0%| F|  |TAMS 0x0000000413000000| PB 0x0000000413000000| Untracked |  0
|  34|0x0000000413800000, 0x0000000413800000, 0x0000000414000000|  0%| F|  |TAMS 0x0000000413800000| PB 0x0000000413800000| Untracked |  0
|  35|0x0000000414000000, 0x0000000414000000, 0x0000000414800000|  0%| F|  |TAMS 0x0000000414000000| PB 0x0000000414000000| Untracked |  0
|  36|0x0000000414800000, 0x0000000414800000, 0x0000000415000000|  0%| F|  |TAMS 0x0000000414800000| PB 0x0000000414800000| Untracked |  0
|  37|0x0000000415000000, 0x0000000415000000, 0x0000000415800000|  0%| F|  |TAMS 0x0000000415000000| PB 0x0000000415000000| Untracked |  0
|  38|0x0000000415800000, 0x0000000415800000, 0x0000000416000000|  0%| F|  |TAMS 0x0000000415800000| PB 0x0000000415800000| Untracked |  0
|  39|0x0000000416000000, 0x0000000416000000, 0x0000000416800000|  0%| F|  |TAMS 0x0000000416000000| PB 0x0000000416000000| Untracked |  0
|  40|0x0000000416800000, 0x0000000416800000, 0x0000000417000000|  0%| F|  |TAMS 0x0000000416800000| PB 0x0000000416800000| Untracked |  0
|  41|0x0000000417000000, 0x0000000417000000, 0x0000000417800000|  0%| F|  |TAMS 0x0000000417000000| PB 0x0000000417000000| Untracked |  0
|  42|0x0000000417800000, 0x0000000417800000, 0x0000000418000000|  0%| F|  |TAMS 0x0000000417800000| PB 0x0000000417800000| Untracked |  0
|  43|0x0000000418000000, 0x0000000418000000, 0x0000000418800000|  0%| F|  |TAMS 0x0000000418000000| PB 0x0000000418000000| Untracked |  0
|  44|0x0000000418800000, 0x0000000418800000, 0x0000000419000000|  0%| F|  |TAMS 0x0000000418800000| PB 0x0000000418800000| Untracked |  0
|  45|0x0000000419000000, 0x0000000419000000, 0x0000000419800000|  0%| F|  |TAMS 0x0000000419000000| PB 0x0000000419000000| Untracked |  0
|  46|0x0000000419800000, 0x0000000419800000, 0x000000041a000000|  0%| F|  |TAMS 0x0000000419800000| PB 0x0000000419800000| Untracked |  0
|  47|0x000000041a000000, 0x000000041a000000, 0x000000041a800000|  0%| F|  |TAMS 0x000000041a000000| PB 0x000000041a000000| Untracked |  0
|  48|0x000000041a800000, 0x000000041a800000, 0x000000041b000000|  0%| F|  |TAMS 0x000000041a800000| PB 0x000000041a800000| Untracked |  0
|  49|0x000000041b000000, 0x000000041b000000, 0x000000041b800000|  0%| F|  |TAMS 0x000000041b000000| PB 0x000000041b000000| Untracked |  0
|  50|0x000000041b800000, 0x000000041b800000, 0x000000041c000000|  0%| F|  |TAMS 0x000000041b800000| PB 0x000000041b800000| Untracked |  0
|  51|0x000000041c000000, 0x000000041c000000, 0x000000041c800000|  0%| F|  |TAMS 0x000000041c000000| PB 0x000000041c000000| Untracked |  0
|  52|0x000000041c800000, 0x000000041c800000, 0x000000041d000000|  0%| F|  |TAMS 0x000000041c800000| PB 0x000000041c800000| Untracked |  0
|  53|0x000000041d000000, 0x000000041d000000, 0x000000041d800000|  0%| F|  |TAMS 0x000000041d000000| PB 0x000000041d000000| Untracked |  0
|  54|0x000000041d800000, 0x000000041d800000, 0x000000041e000000|  0%| F|  |TAMS 0x000000041d800000| PB 0x000000041d800000| Untracked |  0
|  55|0x000000041e000000, 0x000000041e000000, 0x000000041e800000|  0%| F|  |TAMS 0x000000041e000000| PB 0x000000041e000000| Untracked |  0
|  56|0x000000041e800000, 0x000000041e800000, 0x000000041f000000|  0%| F|  |TAMS 0x000000041e800000| PB 0x000000041e800000| Untracked |  0
|  57|0x000000041f000000, 0x000000041f000000, 0x000000041f800000|  0%| F|  |TAMS 0x000000041f000000| PB 0x000000041f000000| Untracked |  0
|  58|0x000000041f800000, 0x000000041f800000, 0x0000000420000000|  0%| F|  |TAMS 0x000000041f800000| PB 0x000000041f800000| Untracked |  0
|  59|0x0000000420000000, 0x0000000420000000, 0x0000000420800000|  0%| F|  |TAMS 0x0000000420000000| PB 0x0000000420000000| Untracked |  0
|  60|0x0000000420800000, 0x0000000420800000, 0x0000000421000000|  0%| F|  |TAMS 0x0000000420800000| PB 0x0000000420800000| Untracked |  0
|  61|0x0000000421000000, 0x0000000421000000, 0x0000000421800000|  0%| F|  |TAMS 0x0000000421000000| PB 0x0000000421000000| Untracked |  0
|  62|0x0000000421800000, 0x0000000421800000, 0x0000000422000000|  0%| F|  |TAMS 0x0000000421800000| PB 0x0000000421800000| Untracked |  0
|  63|0x0000000422000000, 0x0000000422000000, 0x0000000422800000|  0%| F|  |TAMS 0x0000000422000000| PB 0x0000000422000000| Untracked |  0
|  64|0x0000000422800000, 0x0000000422800000, 0x0000000423000000|  0%| F|  |TAMS 0x0000000422800000| PB 0x0000000422800000| Untracked |  0
|  65|0x0000000423000000, 0x0000000423000000, 0x0000000423800000|  0%| F|  |TAMS 0x0000000423000000| PB 0x0000000423000000| Untracked |  0
|  66|0x0000000423800000, 0x0000000423800000, 0x0000000424000000|  0%| F|  |TAMS 0x0000000423800000| PB 0x0000000423800000| Untracked |  0
|  67|0x0000000424000000, 0x0000000424000000, 0x0000000424800000|  0%| F|  |TAMS 0x0000000424000000| PB 0x0000000424000000| Untracked |  0
|  68|0x0000000424800000, 0x0000000424800000, 0x0000000425000000|  0%| F|  |TAMS 0x0000000424800000| PB 0x0000000424800000| Untracked |  0
|  69|0x0000000425000000, 0x0000000425000000, 0x0000000425800000|  0%| F|  |TAMS 0x0000000425000000| PB 0x0000000425000000| Untracked |  0
|  70|0x0000000425800000, 0x0000000425800000, 0x0000000426000000|  0%| F|  |TAMS 0x0000000425800000| PB 0x0000000425800000| Untracked |  0
|  71|0x0000000426000000, 0x0000000426000000, 0x0000000426800000|  0%| F|  |TAMS 0x0000000426000000| PB 0x0000000426000000| Untracked |  0
|  72|0x0000000426800000, 0x0000000426800000, 0x0000000427000000|  0%| F|  |TAMS 0x0000000426800000| PB 0x0000000426800000| Untracked |  0
|  73|0x0000000427000000, 0x0000000427000000, 0x0000000427800000|  0%| F|  |TAMS 0x0000000427000000| PB 0x0000000427000000| Untracked |  0
|  74|0x0000000427800000, 0x0000000427800000, 0x0000000428000000|  0%| F|  |TAMS 0x0000000427800000| PB 0x0000000427800000| Untracked |  0
|  75|0x0000000428000000, 0x0000000428000000, 0x0000000428800000|  0%| F|  |TAMS 0x0000000428000000| PB 0x0000000428000000| Untracked |  0
|  76|0x0000000428800000, 0x0000000428800000, 0x0000000429000000|  0%| F|  |TAMS 0x0000000428800000| PB 0x0000000428800000| Untracked |  0
|  77|0x0000000429000000, 0x0000000429000000, 0x0000000429800000|  0%| F|  |TAMS 0x0000000429000000| PB 0x0000000429000000| Untracked |  0
|  78|0x0000000429800000, 0x0000000429800000, 0x000000042a000000|  0%| F|  |TAMS 0x0000000429800000| PB 0x0000000429800000| Untracked |  0
|  79|0x000000042a000000, 0x000000042a000000, 0x000000042a800000|  0%| F|  |TAMS 0x000000042a000000| PB 0x000000042a000000| Untracked |  0
|  80|0x000000042a800000, 0x000000042a800000, 0x000000042b000000|  0%| F|  |TAMS 0x000000042a800000| PB 0x000000042a800000| Untracked |  0
|  81|0x000000042b000000, 0x000000042b000000, 0x000000042b800000|  0%| F|  |TAMS 0x000000042b000000| PB 0x000000042b000000| Untracked |  0
|  82|0x000000042b800000, 0x000000042b800000, 0x000000042c000000|  0%| F|  |TAMS 0x000000042b800000| PB 0x000000042b800000| Untracked |  0
|  83|0x000000042c000000, 0x000000042c000000, 0x000000042c800000|  0%| F|  |TAMS 0x000000042c000000| PB 0x000000042c000000| Untracked |  0
|  84|0x000000042c800000, 0x000000042c800000, 0x000000042d000000|  0%| F|  |TAMS 0x000000042c800000| PB 0x000000042c800000| Untracked |  0
|  85|0x000000042d000000, 0x000000042d000000, 0x000000042d800000|  0%| F|  |TAMS 0x000000042d000000| PB 0x000000042d000000| Untracked |  0
|  86|0x000000042d800000, 0x000000042d800000, 0x000000042e000000|  0%| F|  |TAMS 0x000000042d800000| PB 0x000000042d800000| Untracked |  0
|  87|0x000000042e000000, 0x000000042e000000, 0x000000042e800000|  0%| F|  |TAMS 0x000000042e000000| PB 0x000000042e000000| Untracked |  0
|  88|0x000000042e800000, 0x000000042e800000, 0x000000042f000000|  0%| F|  |TAMS 0x000000042e800000| PB 0x000000042e800000| Untracked |  0
|  89|0x000000042f000000, 0x000000042f000000, 0x000000042f800000|  0%| F|  |TAMS 0x000000042f000000| PB 0x000000042f000000| Untracked |  0
|  90|0x000000042f800000, 0x000000042f800000, 0x0000000430000000|  0%| F|  |TAMS 0x000000042f800000| PB 0x000000042f800000| Untracked |  0
|  91|0x0000000430000000, 0x0000000430000000, 0x0000000430800000|  0%| F|  |TAMS 0x0000000430000000| PB 0x0000000430000000| Untracked |  0
|  92|0x0000000430800000, 0x0000000430800000, 0x0000000431000000|  0%| F|  |TAMS 0x0000000430800000| PB 0x0000000430800000| Untracked |  0
|  93|0x0000000431000000, 0x0000000431000000, 0x0000000431800000|  0%| F|  |TAMS 0x0000000431000000| PB 0x0000000431000000| Untracked |  0
|  94|0x0000000431800000, 0x0000000431800000, 0x0000000432000000|  0%| F|  |TAMS 0x0000000431800000| PB 0x0000000431800000| Untracked |  0
|  95|0x0000000432000000, 0x0000000432000000, 0x0000000432800000|  0%| F|  |TAMS 0x0000000432000000| PB 0x0000000432000000| Untracked |  0
|  96|0x0000000432800000, 0x0000000432800000, 0x0000000433000000|  0%| F|  |TAMS 0x0000000432800000| PB 0x0000000432800000| Untracked |  0
|  97|0x0000000433000000, 0x0000000433000000, 0x0000000433800000|  0%| F|  |TAMS 0x0000000433000000| PB 0x0000000433000000| Untracked |  0
|  98|0x0000000433800000, 0x0000000433800000, 0x0000000434000000|  0%| F|  |TAMS 0x0000000433800000| PB 0x0000000433800000| Untracked |  0
|  99|0x0000000434000000, 0x0000000434000000, 0x0000000434800000|  0%| F|  |TAMS 0x0000000434000000| PB 0x0000000434000000| Untracked |  0
| 100|0x0000000434800000, 0x0000000434800000, 0x0000000435000000|  0%| F|  |TAMS 0x0000000434800000| PB 0x0000000434800000| Untracked |  0
| 101|0x0000000435000000, 0x0000000435000000, 0x0000000435800000|  0%| F|  |TAMS 0x0000000435000000| PB 0x0000000435000000| Untracked |  0
| 102|0x0000000435800000, 0x0000000435800000, 0x0000000436000000|  0%| F|  |TAMS 0x0000000435800000| PB 0x0000000435800000| Untracked |  0
| 103|0x0000000436000000, 0x0000000436000000, 0x0000000436800000|  0%| F|  |TAMS 0x0000000436000000| PB 0x0000000436000000| Untracked |  0
| 104|0x0000000436800000, 0x0000000436800000, 0x0000000437000000|  0%| F|  |TAMS 0x0000000436800000| PB 0x0000000436800000| Untracked |  0
| 105|0x0000000437000000, 0x0000000437000000, 0x0000000437800000|  0%| F|  |TAMS 0x0000000437000000| PB 0x0000000437000000| Untracked |  0
| 106|0x0000000437800000, 0x0000000437800000, 0x0000000438000000|  0%| F|  |TAMS 0x0000000437800000| PB 0x0000000437800000| Untracked |  0
| 107|0x0000000438000000, 0x0000000438000000, 0x0000000438800000|  0%| F|  |TAMS 0x0000000438000000| PB 0x0000000438000000| Untracked |  0
| 108|0x0000000438800000, 0x0000000438800000, 0x0000000439000000|  0%| F|  |TAMS 0x0000000438800000| PB 0x0000000438800000| Untracked |  0
| 109|0x0000000439000000, 0x0000000439000000, 0x0000000439800000|  0%| F|  |TAMS 0x0000000439000000| PB 0x0000000439000000| Untracked |  0
| 110|0x0000000439800000, 0x0000000439800000, 0x000000043a000000|  0%| F|  |TAMS 0x0000000439800000| PB 0x0000000439800000| Untracked |  0
| 111|0x000000043a000000, 0x000000043a000000, 0x000000043a800000|  0%| F|  |TAMS 0x000000043a000000| PB 0x000000043a000000| Untracked |  0
| 112|0x000000043a800000, 0x000000043a800000, 0x000000043b000000|  0%| F|  |TAMS 0x000000043a800000| PB 0x000000043a800000| Untracked |  0
| 113|0x000000043b000000, 0x000000043b000000, 0x000000043b800000|  0%| F|  |TAMS 0x000000043b000000| PB 0x000000043b000000| Untracked |  0
| 114|0x000000043b800000, 0x000000043b800000, 0x000000043c000000|  0%| F|  |TAMS 0x000000043b800000| PB 0x000000043b800000| Untracked |  0
| 115|0x000000043c000000, 0x000000043c000000, 0x000000043c800000|  0%| F|  |TAMS 0x000000043c000000| PB 0x000000043c000000| Untracked |  0
| 116|0x000000043c800000, 0x000000043c800000, 0x000000043d000000|  0%| F|  |TAMS 0x000000043c800000| PB 0x000000043c800000| Untracked |  0
| 117|0x000000043d000000, 0x000000043d000000, 0x000000043d800000|  0%| F|  |TAMS 0x000000043d000000| PB 0x000000043d000000| Untracked |  0
| 118|0x000000043d800000, 0x000000043d800000, 0x000000043e000000|  0%| F|  |TAMS 0x000000043d800000| PB 0x000000043d800000| Untracked |  0
| 119|0x000000043e000000, 0x000000043e000000, 0x000000043e800000|  0%| F|  |TAMS 0x000000043e000000| PB 0x000000043e000000| Untracked |  0
| 120|0x000000043e800000, 0x000000043e800000, 0x000000043f000000|  0%| F|  |TAMS 0x000000043e800000| PB 0x000000043e800000| Untracked |  0
| 121|0x000000043f000000, 0x000000043f000000, 0x000000043f800000|  0%| F|  |TAMS 0x000000043f000000| PB 0x000000043f000000| Untracked |  0
| 122|0x000000043f800000, 0x000000043f800000, 0x0000000440000000|  0%| F|  |TAMS 0x000000043f800000| PB 0x000000043f800000| Untracked |  0
| 123|0x0000000440000000, 0x0000000440000000, 0x0000000440800000|  0%| F|  |TAMS 0x0000000440000000| PB 0x0000000440000000| Untracked |  0
| 124|0x0000000440800000, 0x0000000440800000, 0x0000000441000000|  0%| F|  |TAMS 0x0000000440800000| PB 0x0000000440800000| Untracked |  0
| 125|0x0000000441000000, 0x00000004410f9040, 0x0000000441800000| 12%| E|  |TAMS 0x0000000441000000| PB 0x0000000441000000| Complete |  0
| 126|0x0000000441800000, 0x0000000442000000, 0x0000000442000000|100%| E|CS|TAMS 0x0000000441800000| PB 0x0000000441800000| Complete |  0
| 127|0x0000000442000000, 0x0000000442800000, 0x0000000442800000|100%| E|CS|TAMS 0x0000000442000000| PB 0x0000000442000000| Complete |  0

Card table byte_map: [0x000001a874680000,0x000001a876670000] _byte_map_base: 0x000001a87266c000

Marking Bits: (CMBitMap*) 0x000001a876800430
 Bits: [0x000001a800000000, 0x000001a80ff60000)

Polling page: 0x000001a857fc0000

Metaspace:

Usage:
  Non-class:      4.56 MB used.
      Class:    332.45 KB used.
       Both:      4.89 MB used.

Virtual space:
  Non-class space:       64.00 MB reserved,       4.69 MB (  7%) committed,  1 nodes.
      Class space:        1.00 GB reserved,     384.00 KB ( <1%) committed,  1 nodes.
             Both:        1.06 GB reserved,       5.06 MB ( <1%) committed. 

Chunk freelists:
   Non-Class:  9.30 MB
       Class:  15.56 MB
        Both:  24.86 MB

MaxMetaspaceSize: unlimited
CompressedClassSpaceSize: 1.00 GB
Initial GC threshold: 21.00 MB
Current GC threshold: 21.00 MB
CDS: on
 - commit_granule_bytes: 65536.
 - commit_granule_words: 8192.
 - virtual_space_node_default_size: 8388608.
 - enlarge_chunks_in_place: 1.
 - use_allocation_guard: 0.


Internal statistics:

num_allocs_failed_limit: 0.
num_arena_births: 86.
num_arena_deaths: 0.
num_vsnodes_births: 2.
num_vsnodes_deaths: 0.
num_space_committed: 81.
num_space_uncommitted: 0.
num_chunks_returned_to_freelist: 0.
num_chunks_taken_from_freelist: 219.
num_chunk_merges: 0.
num_chunk_splits: 147.
num_chunks_enlarged: 107.
num_inconsistent_stats: 0.

CodeHeap 'non-profiled nmethods': size=118848Kb used=237Kb max_used=237Kb free=118610Kb
 bounds [0x000001a869f60000, 0x000001a86a1d0000, 0x000001a871370000]
CodeHeap 'profiled nmethods': size=118848Kb used=1409Kb max_used=1409Kb free=117439Kb
 bounds [0x000001a862370000, 0x000001a8625e0000, 0x000001a869780000]
CodeHeap 'non-nmethods': size=8064Kb used=3820Kb max_used=3823Kb free=4243Kb
 bounds [0x000001a869780000, 0x000001a869b50000, 0x000001a869f60000]
 total_blobs=1982 nmethods=887 adapters=997
 compilation: enabled
              stopped_count=0, restarted_count=0
 full_count=0

Compilation events (20 events):
Event: 0.487 Thread 0x000001a8510ca450  879       3       java.lang.ClassLoader::findBootstrapClassOrNull (14 bytes)
Event: 0.487 Thread 0x000001a8510ca450 nmethod 879 0x000001a8624c7d90 code [0x000001a8624c7f40, 0x000001a8624c80f8]
Event: 0.487 Thread 0x000001a87c95fcc0 nmethod 878 0x000001a8624c8190 code [0x000001a8624c8340, 0x000001a8624c8558]
Event: 0.487 Thread 0x000001a8512618d0 nmethod 877 0x000001a869f9ad90 code [0x000001a869f9af40, 0x000001a869f9b380]
Event: 0.488 Thread 0x000001a8510ca450  881       3       java.lang.ClassLoader::loadClass (7 bytes)
Event: 0.488 Thread 0x000001a87c95fcc0  882       3       jdk.internal.loader.ClassLoaders$AppClassLoader::loadClass (40 bytes)
Event: 0.488 Thread 0x000001a8512603c0  883       3       jdk.internal.loader.BuiltinClassLoader::loadClass (22 bytes)
Event: 0.488 Thread 0x000001a8511645d0  884       3       jdk.internal.loader.ClassLoaders$BootClassLoader::loadClassOrNull (10 bytes)
Event: 0.488 Thread 0x000001a8510ca450 nmethod 881 0x000001a8624c8690 code [0x000001a8624c8840, 0x000001a8624c8a18]
Event: 0.488 Thread 0x000001a8512603c0 nmethod 883 0x000001a8624c8a90 code [0x000001a8624c8c40, 0x000001a8624c8ef8]
Event: 0.488 Thread 0x000001a87c95fcc0 nmethod 882 0x000001a8624c9010 code [0x000001a8624c91e0, 0x000001a8624c95d0]
Event: 0.488 Thread 0x000001a8511645d0 nmethod 884 0x000001a8624c9790 code [0x000001a8624c9960, 0x000001a8624c9bf0]
Event: 0.490 Thread 0x000001a8511645d0  885       3       java.lang.invoke.MemberName::checkForTypeAlias (180 bytes)
Event: 0.490 Thread 0x000001a8511645d0 nmethod 885 0x000001a8624c9d10 code [0x000001a8624ca160, 0x000001a8624cbd70]
Event: 0.491 Thread 0x000001a8511645d0  886       3       org.lwjgl.system.Checks::checkBuffer (11 bytes)
Event: 0.491 Thread 0x000001a8511645d0 nmethod 886 0x000001a8624cc590 code [0x000001a8624cc740, 0x000001a8624cc888]
Event: 0.492 Thread 0x000001a87c95fcc0  887       3       org.lwjgl.system.CustomBuffer::remaining (10 bytes)
Event: 0.492 Thread 0x000001a87c95fcc0 nmethod 887 0x000001a8624cc910 code [0x000001a8624ccaa0, 0x000001a8624ccbb0]
Event: 0.492 Thread 0x000001a8510ca450  888   !   3       java.util.concurrent.ConcurrentHashMap::computeIfAbsent (576 bytes)
Event: 0.493 Thread 0x000001a8510ca450 nmethod 888 0x000001a8624ccc90 code [0x000001a8624cd0c0, 0x000001a8624cf378]

GC Heap History (0 events):
No events

Dll operation events (11 events):
Event: 0.003 Loaded shared library C:\Users\scmis\.jdks\openjdk-22.0.2\bin\java.dll
Event: 0.017 Loaded shared library C:\Users\scmis\.jdks\openjdk-22.0.2\bin\jsvml.dll
Event: 0.033 Loaded shared library C:\Users\scmis\.jdks\openjdk-22.0.2\bin\zip.dll
Event: 0.034 Loaded shared library C:\Users\scmis\.jdks\openjdk-22.0.2\bin\instrument.dll
Event: 0.035 Loaded shared library C:\Users\scmis\.jdks\openjdk-22.0.2\bin\net.dll
Event: 0.036 Loaded shared library C:\Users\scmis\.jdks\openjdk-22.0.2\bin\nio.dll
Event: 0.037 Loaded shared library C:\Users\scmis\.jdks\openjdk-22.0.2\bin\zip.dll
Event: 0.046 Loaded shared library E:\JetBrains\IntelliJ IDEA Ultimate\bin\breakgen64.dll
Event: 0.049 Loaded shared library C:\Users\scmis\.jdks\openjdk-22.0.2\bin\extnet.dll
Event: 0.058 Loaded shared library C:\Users\scmis\.jdks\openjdk-22.0.2\bin\jimage.dll
Event: 0.065 Loaded shared library C:\Users\scmis\AppData\Local\Temp\lwjgl_scmis\3.3.4+7\x64\lwjgl.dll

Deoptimization events (20 events):
Event: 0.046 Thread 0x000001a857e23470 Uncommon trap: trap_request=0xffffff45 fr.pc=0x000001a869f6fce4 relative=0x00000000000000c4
Event: 0.046 Thread 0x000001a857e23470 Uncommon trap: reason=unstable_if action=reinterpret pc=0x000001a869f6fce4 method=java.lang.String.isLatin1()Z @ 10 c2
Event: 0.046 Thread 0x000001a857e23470 DEOPT PACKING pc=0x000001a869f6fce4 sp=0x000000514c2feed0
Event: 0.046 Thread 0x000001a857e23470 DEOPT UNPACKING pc=0x000001a8697d46a2 sp=0x000000514c2fee10 mode 2
Event: 0.080 Thread 0x000001a857e23470 Uncommon trap: trap_request=0xffffff45 fr.pc=0x000001a869f6ef70 relative=0x00000000000008b0
Event: 0.080 Thread 0x000001a857e23470 Uncommon trap: reason=unstable_if action=reinterpret pc=0x000001a869f6ef70 method=java.util.HashMap.putVal(ILjava/lang/Object;Ljava/lang/Object;ZZ)Ljava/lang/Object; @ 181 c2
Event: 0.080 Thread 0x000001a857e23470 DEOPT PACKING pc=0x000001a869f6ef70 sp=0x000000514c2fd480
Event: 0.080 Thread 0x000001a857e23470 DEOPT UNPACKING pc=0x000001a8697d46a2 sp=0x000000514c2fd430 mode 2
Event: 0.093 Thread 0x000001a857e23470 DEOPT PACKING pc=0x000001a8623a32fc sp=0x000000514c2fb420
Event: 0.093 Thread 0x000001a857e23470 DEOPT UNPACKING pc=0x000001a8697d4e42 sp=0x000000514c2fa840 mode 0
Event: 0.121 Thread 0x000001a857e23470 DEOPT PACKING pc=0x000001a86237b4cc sp=0x000000514c2fa7a0
Event: 0.121 Thread 0x000001a857e23470 DEOPT UNPACKING pc=0x000001a8697d4e42 sp=0x000000514c2f9c08 mode 0
Event: 0.361 Thread 0x000001a857e23470 DEOPT PACKING pc=0x000001a8623b8810 sp=0x000000514c2fdb20
Event: 0.361 Thread 0x000001a857e23470 DEOPT UNPACKING pc=0x000001a8697d4e42 sp=0x000000514c2fcff0 mode 0
Event: 0.384 Thread 0x000001a857e23470 DEOPT PACKING pc=0x000001a8624c4d5f sp=0x000000514c2fe0d0
Event: 0.384 Thread 0x000001a857e23470 DEOPT UNPACKING pc=0x000001a8697d4e42 sp=0x000000514c2fd4f0 mode 0
Event: 0.385 Thread 0x000001a857e23470 DEOPT PACKING pc=0x000001a8624484d7 sp=0x000000514c2fe0a0
Event: 0.385 Thread 0x000001a857e23470 DEOPT UNPACKING pc=0x000001a8697d4e42 sp=0x000000514c2fd538 mode 0
Event: 0.385 Thread 0x000001a857e23470 DEOPT PACKING pc=0x000001a8624484d7 sp=0x000000514c2fe0a0
Event: 0.385 Thread 0x000001a857e23470 DEOPT UNPACKING pc=0x000001a8697d4e42 sp=0x000000514c2fd538 mode 0

Classes loaded (20 events):
Event: 0.094 Loading class java/nio/InvalidMarkException
Event: 0.095 Loading class java/nio/InvalidMarkException done
Event: 0.095 Loading class java/nio/BufferUnderflowException
Event: 0.095 Loading class java/nio/BufferUnderflowException done
Event: 0.095 Loading class java/lang/IndexOutOfBoundsException
Event: 0.095 Loading class java/lang/IndexOutOfBoundsException done
Event: 0.126 Loading class java/util/Formatter$FixedString
Event: 0.126 Loading class java/util/Formatter$FixedString done
Event: 0.252 Loading class jdk/internal/foreign/MemorySessionImpl
Event: 0.252 Loading class java/lang/foreign/MemorySegment$Scope
Event: 0.252 Loading class java/lang/foreign/MemorySegment$Scope done
Event: 0.252 Loading class jdk/internal/foreign/MemorySessionImpl done
Event: 0.255 Loading class java/util/Spliterators$IntArraySpliterator
Event: 0.255 Loading class java/util/Spliterators$IntArraySpliterator done
Event: 0.256 Loading class java/util/stream/Nodes$IntFixedNodeBuilder
Event: 0.256 Loading class java/util/stream/Node$Builder$OfInt
Event: 0.256 Loading class java/util/stream/Node$Builder$OfInt done
Event: 0.256 Loading class java/util/stream/Nodes$IntArrayNode
Event: 0.256 Loading class java/util/stream/Nodes$IntArrayNode done
Event: 0.256 Loading class java/util/stream/Nodes$IntFixedNodeBuilder done

Classes unloaded (0 events):
No events

Classes redefined (0 events):
No events

Internal exceptions (20 events):
Event: 0.056 Thread 0x000001a857e23470 Exception <a 'java/lang/NoSuchMethodError'{0x00000004419c5d18}: 'int java.lang.invoke.DirectMethodHandle$Holder.invokeSpecial(java.lang.Object, java.lang.Object, java.lang.Object)'> (0x00000004419c5d18) 
thrown [s\open\src\hotspot\share\interpreter\linkResolver.cpp, line 774]
Event: 0.057 Thread 0x000001a857e23470 Exception <a 'java/lang/NoSuchMethodError'{0x00000004419df248}: 'void java.lang.System.loadLibrary(java.lang.String, java.lang.Class)'> (0x00000004419df248) 
thrown [s\open\src\hotspot\share\interpreter\linkResolver.cpp, line 774]
Event: 0.068 Thread 0x000001a857e23470 Exception <a 'sun/nio/fs/WindowsException'{0x0000000441a13a10}> (0x0000000441a13a10) 
thrown [s\open\src\hotspot\share\prims\jni.cpp, line 520]
Event: 0.068 Thread 0x000001a857e23470 Exception <a 'sun/nio/fs/WindowsException'{0x0000000441a13f40}> (0x0000000441a13f40) 
thrown [s\open\src\hotspot\share\prims\jni.cpp, line 520]
Event: 0.089 Thread 0x000001a857e23470 Exception <a 'sun/nio/fs/WindowsException'{0x0000000441a8ade8}> (0x0000000441a8ade8) 
thrown [s\open\src\hotspot\share\prims\jni.cpp, line 520]
Event: 0.089 Thread 0x000001a857e23470 Exception <a 'sun/nio/fs/WindowsException'{0x0000000441a8b148}> (0x0000000441a8b148) 
thrown [s\open\src\hotspot\share\prims\jni.cpp, line 520]
Event: 0.093 Thread 0x000001a857e23470 Exception <a 'java/lang/NoSuchMethodError'{0x0000000441ad7128}: 'int java.lang.invoke.DirectMethodHandle$Holder.invokeStaticInit(java.lang.Object, java.lang.Object, int, long)'> (0x0000000441ad7128) 
thrown [s\open\src\hotspot\share\interpreter\linkResolver.cpp, line 774]
Event: 0.093 Thread 0x000001a857e23470 Exception <a 'java/lang/NoSuchMethodError'{0x0000000441adc230}: 'java.lang.Object java.lang.invoke.DirectMethodHandle$Holder.newInvokeSpecial(java.lang.Object, java.lang.Object, int)'> (0x0000000441adc230) 
thrown [s\open\src\hotspot\share\interpreter\linkResolver.cpp, line 774]
Event: 0.094 Thread 0x000001a857e23470 Exception <a 'java/lang/NoSuchMethodError'{0x0000000441aea980}: 'int java.lang.invoke.DirectMethodHandle$Holder.invokeStaticInit(java.lang.Object, java.lang.Object, long, long)'> (0x0000000441aea980) 
thrown [s\open\src\hotspot\share\interpreter\linkResolver.cpp, line 774]
Event: 0.094 Thread 0x000001a857e23470 Exception <a 'java/lang/NoSuchMethodError'{0x0000000441af0678}: 'java.lang.Object java.lang.invoke.DirectMethodHandle$Holder.newInvokeSpecial(java.lang.Object, java.lang.Object, long)'> (0x0000000441af0678) 
thrown [s\open\src\hotspot\share\interpreter\linkResolver.cpp, line 774]
Event: 0.094 Thread 0x000001a857e23470 Exception <a 'java/lang/NoSuchMethodError'{0x0000000441af47d0}: 'java.lang.Object java.lang.invoke.Invokers$Holder.linkToTargetMethod(java.lang.Object, long, java.lang.Object)'> (0x0000000441af47d0) 
thrown [s\open\src\hotspot\share\interpreter\linkResolver.cpp, line 774]
Event: 0.094 Thread 0x000001a857e23470 Exception <a 'java/lang/NoSuchMethodError'{0x0000000441afb9f8}: 'int java.lang.invoke.DirectMethodHandle$Holder.invokeStaticInit(java.lang.Object, java.lang.Object, java.lang.Object, long)'> (0x0000000441afb9f8) 
thrown [s\open\src\hotspot\share\interpreter\linkResolver.cpp, line 774]
Event: 0.124 Thread 0x000001a857e23470 Exception <a 'sun/nio/fs/WindowsException'{0x0000000441bebe60}> (0x0000000441bebe60) 
thrown [s\open\src\hotspot\share\prims\jni.cpp, line 520]
Event: 0.124 Thread 0x000001a857e23470 Exception <a 'sun/nio/fs/WindowsException'{0x0000000441bec130}> (0x0000000441bec130) 
thrown [s\open\src\hotspot\share\prims\jni.cpp, line 520]
Event: 0.188 Thread 0x000001a857e23470 Exception <a 'java/lang/NoSuchMethodError'{0x0000000441c49790}: 'java.lang.Object java.lang.invoke.DirectMethodHandle$Holder.invokeVirtual(java.lang.Object, java.lang.Object, java.lang.Object)'> (0x0000000441c49790) 
thrown [s\open\src\hotspot\share\interpreter\linkResolver.cpp, line 774]
Event: 0.246 Thread 0x000001a857e23470 Exception <a 'java/lang/NoSuchMethodError'{0x0000000441cb4420}: 'java.lang.Object java.lang.invoke.DirectMethodHandle$Holder.newInvokeSpecial(java.lang.Object, long)'> (0x0000000441cb4420) 
thrown [s\open\src\hotspot\share\interpreter\linkResolver.cpp, line 774]
Event: 0.258 Thread 0x000001a857e23470 Exception <a 'java/lang/NoSuchMethodError'{0x0000000441da4e98}: 'void java.lang.invoke.DirectMethodHandle$Holder.invokeStatic(java.lang.Object, long)'> (0x0000000441da4e98) 
thrown [s\open\src\hotspot\share\interpreter\linkResolver.cpp, line 774]
Event: 0.340 Thread 0x000001a857e23470 Exception <a 'java/lang/NoSuchMethodError'{0x0000000441e21388}: 'java.lang.Object java.lang.invoke.DirectMethodHandle$Holder.newInvokeSpecial(java.lang.Object, long, long)'> (0x0000000441e21388) 
thrown [s\open\src\hotspot\share\interpreter\linkResolver.cpp, line 774]
Event: 0.381 Thread 0x000001a857e23470 Exception <a 'sun/nio/fs/WindowsException'{0x0000000441ee7a88}> (0x0000000441ee7a88) 
thrown [s\open\src\hotspot\share\prims\jni.cpp, line 520]
Event: 0.381 Thread 0x000001a857e23470 Exception <a 'sun/nio/fs/WindowsException'{0x0000000441ee7e10}> (0x0000000441ee7e10) 
thrown [s\open\src\hotspot\share\prims\jni.cpp, line 520]

ZGC Phase Switch (0 events):
No events

VM Operations (0 events):
No events

Memory protections (0 events):
No events

Nmethod flushes (0 events):
No events

Events (16 events):
Event: 0.011 Thread 0x000001a857e23470 Thread added: 0x000001a857e23470
Event: 0.016 Thread 0x000001a857e23470 Thread added: 0x000001a8510b0250
Event: 0.016 Thread 0x000001a857e23470 Thread added: 0x000001a8510b2020
Event: 0.016 Thread 0x000001a857e23470 Thread added: 0x000001a8510b2c80
Event: 0.016 Thread 0x000001a857e23470 Thread added: 0x000001a8510b57f0
Event: 0.016 Thread 0x000001a857e23470 Thread added: 0x000001a8510b6870
Event: 0.016 Thread 0x000001a857e23470 Thread added: 0x000001a8510bf980
Event: 0.016 Thread 0x000001a857e23470 Thread added: 0x000001a8510c7580
Event: 0.016 Thread 0x000001a857e23470 Thread added: 0x000001a8510ca450
Event: 0.018 Thread 0x000001a8510ca450 Thread added: 0x000001a8511645d0
Event: 0.027 Thread 0x000001a857e23470 Thread added: 0x000001a8511d8c50
Event: 0.030 Thread 0x000001a8511645d0 Thread added: 0x000001a8512603c0
Event: 0.031 Thread 0x000001a8511645d0 Thread added: 0x000001a8512618d0
Event: 0.046 Thread 0x000001a857e23470 Thread added: 0x000001a8513ec560
Event: 0.046 Thread 0x000001a857e23470 Thread added: 0x000001a8513ee5d0
Event: 0.378 Thread 0x000001a8512603c0 Thread added: 0x000001a87c95fcc0


Dynamic libraries:
0x00007ff64df50000 - 0x00007ff64df5e000 	C:\Users\scmis\.jdks\openjdk-22.0.2\bin\java.exe
0x00007ffc49e90000 - 0x00007ffc4a088000 	C:\Windows\SYSTEM32\ntdll.dll
0x00007ffc48470000 - 0x00007ffc48531000 	C:\Windows\System32\KERNEL32.DLL
0x00007ffc47a10000 - 0x00007ffc47d0d000 	C:\Windows\System32\KERNELBASE.dll
0x00007ffc47dc0000 - 0x00007ffc47ec0000 	C:\Windows\System32\ucrtbase.dll
0x00007ffc44200000 - 0x00007ffc44217000 	C:\Users\scmis\.jdks\openjdk-22.0.2\bin\jli.dll
0x00007ffc440d0000 - 0x00007ffc440eb000 	C:\Users\scmis\.jdks\openjdk-22.0.2\bin\VCRUNTIME140.dll
0x00007ffc47ec0000 - 0x00007ffc4805d000 	C:\Windows\System32\USER32.dll
0x00007ffc47810000 - 0x00007ffc47832000 	C:\Windows\System32\win32u.dll
0x00007ffc35700000 - 0x00007ffc3599a000 	C:\Windows\WinSxS\amd64_microsoft.windows.common-controls_6595b64144ccf1df_6.0.19041.4355_none_60b8b9eb71f62e16\COMCTL32.dll
0x00007ffc48850000 - 0x00007ffc4887b000 	C:\Windows\System32\GDI32.dll
0x00007ffc48e50000 - 0x00007ffc48eee000 	C:\Windows\System32\msvcrt.dll
0x00007ffc47590000 - 0x00007ffc476a7000 	C:\Windows\System32\gdi32full.dll
0x00007ffc47900000 - 0x00007ffc4799d000 	C:\Windows\System32\msvcp_win.dll
0x00007ffc483c0000 - 0x00007ffc483ef000 	C:\Windows\System32\IMM32.DLL
0x00007ffc41a40000 - 0x00007ffc41a4c000 	C:\Users\scmis\.jdks\openjdk-22.0.2\bin\vcruntime140_1.dll
0x00007ffc27e80000 - 0x00007ffc27f0e000 	C:\Users\scmis\.jdks\openjdk-22.0.2\bin\msvcp140.dll
0x00007ffbd8850000 - 0x00007ffbd9599000 	C:\Users\scmis\.jdks\openjdk-22.0.2\bin\server\jvm.dll
0x00007ffc486f0000 - 0x00007ffc487a0000 	C:\Windows\System32\ADVAPI32.dll
0x00007ffc485d0000 - 0x00007ffc48670000 	C:\Windows\System32\sechost.dll
0x00007ffc48d20000 - 0x00007ffc48e43000 	C:\Windows\System32\RPCRT4.dll
0x00007ffc478d0000 - 0x00007ffc478f7000 	C:\Windows\System32\bcrypt.dll
0x00007ffc49d70000 - 0x00007ffc49ddb000 	C:\Windows\System32\WS2_32.dll
0x00007ffc46fc0000 - 0x00007ffc4700b000 	C:\Windows\SYSTEM32\POWRPROF.dll
0x00007ffc3d8b0000 - 0x00007ffc3d8d7000 	C:\Windows\SYSTEM32\WINMM.dll
0x00007ffc3f650000 - 0x00007ffc3f65a000 	C:\Windows\SYSTEM32\VERSION.dll
0x00007ffc46fa0000 - 0x00007ffc46fb2000 	C:\Windows\SYSTEM32\UMPDC.dll
0x00007ffc453e0000 - 0x00007ffc453f2000 	C:\Windows\SYSTEM32\kernel.appcore.dll
0x00007ffc41a30000 - 0x00007ffc41a3a000 	C:\Users\scmis\.jdks\openjdk-22.0.2\bin\jimage.dll
0x00007ffc3e220000 - 0x00007ffc3e404000 	C:\Windows\SYSTEM32\DBGHELP.DLL
0x00007ffc20b00000 - 0x00007ffc20b34000 	C:\Windows\SYSTEM32\dbgcore.DLL
0x00007ffc47840000 - 0x00007ffc478c2000 	C:\Windows\System32\bcryptPrimitives.dll
0x00007ffc44150000 - 0x00007ffc4415f000 	C:\Users\scmis\.jdks\openjdk-22.0.2\bin\instrument.dll
0x00007ffc2d420000 - 0x00007ffc2d43e000 	C:\Users\scmis\.jdks\openjdk-22.0.2\bin\java.dll
0x00007ffc48ef0000 - 0x00007ffc4965f000 	C:\Windows\System32\SHELL32.dll
0x00007ffc48950000 - 0x00007ffc48a7b000 	C:\Windows\System32\ole32.dll
0x00007ffc48060000 - 0x00007ffc483b3000 	C:\Windows\System32\combase.dll
0x00007ffc455e0000 - 0x00007ffc45d83000 	C:\Windows\SYSTEM32\windows.storage.dll
0x00007ffc46f00000 - 0x00007ffc46f2e000 	C:\Windows\SYSTEM32\Wldp.dll
0x00007ffc48880000 - 0x00007ffc4894d000 	C:\Windows\System32\OLEAUT32.dll
0x00007ffc49790000 - 0x00007ffc4983d000 	C:\Windows\System32\SHCORE.dll
0x00007ffc48670000 - 0x00007ffc486c5000 	C:\Windows\System32\shlwapi.dll
0x00007ffc47470000 - 0x00007ffc47494000 	C:\Windows\SYSTEM32\profapi.dll
0x00007ffc27da0000 - 0x00007ffc27e77000 	C:\Users\scmis\.jdks\openjdk-22.0.2\bin\jsvml.dll
0x00007ffc287b0000 - 0x00007ffc287c7000 	C:\Users\scmis\.jdks\openjdk-22.0.2\bin\zip.dll
0x00007ffc287a0000 - 0x00007ffc287b0000 	C:\Users\scmis\.jdks\openjdk-22.0.2\bin\net.dll
0x00007ffc46c00000 - 0x00007ffc46c6a000 	C:\Windows\system32\mswsock.dll
0x00007ffc28710000 - 0x00007ffc28726000 	C:\Users\scmis\.jdks\openjdk-22.0.2\bin\nio.dll
0x00007ffc27bd0000 - 0x00007ffc27bea000 	E:\JetBrains\IntelliJ IDEA Ultimate\bin\breakgen64.dll
0x00007ffc286c0000 - 0x00007ffc286c9000 	C:\Users\scmis\.jdks\openjdk-22.0.2\bin\extnet.dll
0x00007ffc19470000 - 0x00007ffc194eb000 	C:\Users\scmis\AppData\Local\Temp\lwjgl_scmis\3.3.4+7\x64\lwjgl.dll
0x00007ffc193e0000 - 0x00007ffc19465000 	C:\Users\scmis\AppData\Local\Temp\lwjgl_scmis\3.3.4+7\x64\glfw.dll
0x00007ffbf8730000 - 0x00007ffbf8775000 	C:\Windows\SYSTEM32\dinput8.dll
0x00007ffc216e0000 - 0x00007ffc216f1000 	C:\Windows\SYSTEM32\xinput1_4.dll
0x00007ffc47540000 - 0x00007ffc4758e000 	C:\Windows\System32\cfgmgr32.dll
0x00007ffc472f0000 - 0x00007ffc47323000 	C:\Windows\SYSTEM32\DEVOBJ.dll
0x00007ffc45200000 - 0x00007ffc4522f000 	C:\Windows\SYSTEM32\dwmapi.dll
0x00007ffc3a300000 - 0x00007ffc3a452000 	C:\Windows\SYSTEM32\inputhost.dll
0x00007ffc43ad0000 - 0x00007ffc43bc2000 	C:\Windows\SYSTEM32\CoreMessaging.dll
0x00007ffc43770000 - 0x00007ffc43acb000 	C:\Windows\SYSTEM32\CoreUIComponents.dll
0x00007ffc446a0000 - 0x00007ffc44796000 	C:\Windows\SYSTEM32\PROPSYS.dll
0x00007ffc435e0000 - 0x00007ffc43737000 	C:\Windows\SYSTEM32\wintypes.dll
0x00007ffc46770000 - 0x00007ffc467a3000 	C:\Windows\SYSTEM32\ntmarta.dll
0x00007ffc44ef0000 - 0x00007ffc44f8e000 	C:\Windows\system32\uxtheme.dll
0x00007ffc49670000 - 0x00007ffc49785000 	C:\Windows\System32\MSCTF.dll
0x00007ffc3a200000 - 0x00007ffc3a2f9000 	C:\Windows\SYSTEM32\textinputframework.dll
0x00007ffbfa470000 - 0x00007ffbfa5d4000 	C:\Windows\SYSTEM32\vulkan-1.dll
0x00007ffc45dd0000 - 0x00007ffc45ec6000 	C:\Windows\system32\dxgi.dll
0x00007ffbb6900000 - 0x00007ffbb8ee8000 	C:\Windows\System32\DriverStore\FileRepository\nv_dispi.inf_amd64_dcf94619172aceb0\nvoglv64.dll
0x00007ffc498a0000 - 0x00007ffc49d0e000 	C:\Windows\System32\SETUPAPI.dll
0x00007ffc41ff0000 - 0x00007ffc42004000 	C:\Windows\SYSTEM32\WTSAPI32.dll
0x00007ffc47100000 - 0x00007ffc47112000 	C:\Windows\SYSTEM32\msasn1.dll
0x00007ffc3f610000 - 0x00007ffc3f641000 	C:\Windows\SYSTEM32\cryptnet.dll
0x00007ffc476b0000 - 0x00007ffc4780c000 	C:\Windows\System32\CRYPT32.dll
0x00007ffc46df0000 - 0x00007ffc46dfc000 	C:\Windows\SYSTEM32\cryptbase.dll
0x00007ffc3f4c0000 - 0x00007ffc3f607000 	C:\Windows\SYSTEM32\drvstore.dll
0x00007ffc479a0000 - 0x00007ffc47a09000 	C:\Windows\System32\WINTRUST.dll
0x00007ffc486d0000 - 0x00007ffc486ed000 	C:\Windows\System32\imagehlp.dll
0x00007ffc46e00000 - 0x00007ffc46e18000 	C:\Windows\SYSTEM32\CRYPTSP.dll
0x00007ffc46520000 - 0x00007ffc46554000 	C:\Windows\system32\rsaenh.dll
0x00007ffc36c10000 - 0x00007ffc38bfe000 	C:\Windows\System32\DriverStore\FileRepository\nv_dispi.inf_amd64_dcf94619172aceb0\nvgpucomp64.dll
0x00007ffc487a0000 - 0x00007ffc48849000 	C:\Windows\System32\clbcatq.dll
0x00007ffbafe60000 - 0x00007ffbb0f92000 	C:\VulkanSDK\1.3.290.0\Bin\VkLayer_khronos_validation.dll
0x00007ffbaf4a0000 - 0x00007ffbafe56000 	C:\VulkanSDK\1.3.290.0\Bin\VkLayer_api_dump.dll
0x00007ffc28820000 - 0x00007ffc2885a000 	C:\ProgramData\obs-studio-hook\graphics-hook64.dll
0x00007ffc3a5a0000 - 0x00007ffc3a5db000 	C:\Windows\SYSTEM32\dxcore.dll
0x00007ffc19fe0000 - 0x00007ffc1a2ea000 	C:\Windows\system32\nvspcap64.dll
0x00007ffc3a5e0000 - 0x00007ffc3acd3000 	C:\Windows\SYSTEM32\nvapi64.dll
0x00007ffc18510000 - 0x00007ffc185b8000 	C:\Windows\System32\DriverStore\FileRepository\nv_dispi.inf_amd64_dcf94619172aceb0\NvCamera\NvCameraAllowlisting64.dll
0x00007ffbf4c10000 - 0x00007ffbf4d38000 	C:\Windows\SYSTEM32\opengl32.dll
0x00007ffbfee80000 - 0x00007ffbfeeac000 	C:\Windows\SYSTEM32\GLU32.dll
0x00007ffc40fa0000 - 0x00007ffc410a2000 	C:\Windows\System32\AppXDeploymentClient.dll
0x00007ffc19c50000 - 0x00007ffc19da5000 	C:\Windows\System32\DriverStore\FileRepository\nv_dispi.inf_amd64_dcf94619172aceb0\nvppex.dll
0x00007ffc46ea0000 - 0x00007ffc46efb000 	C:\Windows\SYSTEM32\WINSTA.dll
0x00007ffbaee60000 - 0x00007ffbaf495000 	C:\Users\scmis\AppData\Local\Temp\lwjgl_scmis\3.3.4+7\x64\shaderc.dll

dbghelp: loaded successfully - version: 4.0.5 - missing functions: none
symbol engine: initialized successfully - sym options: 0x614 - pdb path: .;C:\Users\scmis\.jdks\openjdk-22.0.2\bin;C:\Windows\SYSTEM32;C:\Windows\WinSxS\amd64_microsoft.windows.common-controls_6595b64144ccf1df_6.0.19041.4355_none_60b8b9eb71f62e16;C:\Users\scmis\.jdks\openjdk-22.0.2\bin\server;E:\JetBrains\IntelliJ IDEA Ultimate\bin;C:\Users\scmis\AppData\Local\Temp\lwjgl_scmis\3.3.4+7\x64;C:\Windows\System32\DriverStore\FileRepository\nv_dispi.inf_amd64_dcf94619172aceb0;C:\VulkanSDK\1.3.290.0\Bin;C:\ProgramData\obs-studio-hook;C:\Windows\System32\DriverStore\FileRepository\nv_dispi.inf_amd64_dcf94619172aceb0\NvCamera

VM Arguments:
jvm_args: -javaagent:E:\JetBrains\IntelliJ IDEA Ultimate\lib\idea_rt.jar=57221:E:\JetBrains\IntelliJ IDEA Ultimate\bin -Dfile.encoding=UTF-8 -Dsun.stdout.encoding=UTF-8 -Dsun.stderr.encoding=UTF-8 
java_command: burbEngine.Main
java_class_path (initial): C:\Users\scmis\IdeaProjects\burb\target\classes;C:\Users\scmis\.m2\repository\org\lwjgl\lwjgl\3.3.4\lwjgl-3.3.4.jar;C:\Users\scmis\.m2\repository\org\lwjgl\lwjgl-assimp\3.3.4\lwjgl-assimp-3.3.4.jar;C:\Users\scmis\.m2\repository\org\lwjgl\lwjgl-freetype\3.3.4\lwjgl-freetype-3.3.4.jar;C:\Users\scmis\.m2\repository\org\lwjgl\lwjgl-glfw\3.3.4\lwjgl-glfw-3.3.4.jar;C:\Users\scmis\.m2\repository\org\lwjgl\lwjgl-openal\3.3.4\lwjgl-openal-3.3.4.jar;C:\Users\scmis\.m2\repository\org\lwjgl\lwjgl-shaderc\3.3.4\lwjgl-shaderc-3.3.4.jar;C:\Users\scmis\.m2\repository\org\lwjgl\lwjgl-stb\3.3.4\lwjgl-stb-3.3.4.jar;C:\Users\scmis\.m2\repository\org\lwjgl\lwjgl-vulkan\3.3.4\lwjgl-vulkan-3.3.4.jar;C:\Users\scmis\.m2\repository\org\lwjgl\lwjgl\3.3.4\lwjgl-3.3.4-natives-windows.jar;C:\Users\scmis\.m2\repository\org\lwjgl\lwjgl-assimp\3.3.4\lwjgl-assimp-3.3.4-natives-windows.jar;C:\Users\scmis\.m2\repository\org\lwjgl\lwjgl-freetype\3.3.4\lwjgl-freetype-3.3.4-natives-windows.jar;C:\Users\scmis\.m2\repository\org\lwjgl\lwjgl-glfw\3.3.4\lwjgl-glfw-3.3.4-natives-windows.jar;C:\Users\scmis\.m2\repository\org\lwjgl\lwjgl-shaderc\3.3.4\lwjgl-shaderc-3.3.4-natives-windows.jar;C:\Users\scmis\.m2\repository\org\lwjgl\lwjgl-openal\3.3.4\lwjgl-openal-3.3.4-natives-windows.jar;C:\Users\scmis\.m2\repository\org\lwjgl\lwjgl-stb\3.3.4\lwjgl-stb-3.3.4-natives-windows.jar;C:\Users\scmis\.m2\repository\org\joml\joml\1.10.7\joml-1.10.7.jar
Launcher Type: SUN_STANDARD

[Global flags]
     intx CICompilerCount                          = 15                                        {product} {ergonomic}
     uint ConcGCThreads                            = 6                                         {product} {ergonomic}
     uint G1ConcRefinementThreads                  = 23                                        {product} {ergonomic}
   size_t G1HeapRegionSize                         = 8388608                                   {product} {ergonomic}
   size_t InitialHeapSize                          = 1073741824                                {product} {ergonomic}
   size_t MarkStackSize                            = 4194304                                   {product} {ergonomic}
   size_t MaxHeapSize                              = 17137926144                               {product} {ergonomic}
   size_t MaxNewSize                               = 10276044800                               {product} {ergonomic}
   size_t MinHeapDeltaBytes                        = 8388608                                   {product} {ergonomic}
   size_t MinHeapSize                              = 8388608                                   {product} {ergonomic}
    uintx NonNMethodCodeHeapSize                   = 8192380                                {pd product} {ergonomic}
    uintx NonProfiledCodeHeapSize                  = 121732930                              {pd product} {ergonomic}
    uintx ProfiledCodeHeapSize                     = 121732930                              {pd product} {ergonomic}
    uintx ReservedCodeCacheSize                    = 251658240                              {pd product} {ergonomic}
     bool SegmentedCodeCache                       = true                                      {product} {ergonomic}
   size_t SoftMaxHeapSize                          = 17137926144                            {manageable} {ergonomic}
     bool UseCompressedOops                        = true                           {product lp64_product} {ergonomic}
     bool UseG1GC                                  = true                                      {product} {ergonomic}
     bool UseLargePagesIndividualAllocation        = false                                  {pd product} {ergonomic}

Logging:
Log output configuration:
 #0: stdout all=warning uptime,level,tags foldmultilines=false
 #1: stderr all=off uptime,level,tags foldmultilines=false

Environment Variables:
PATH=C:\VulkanSDK\1.3.290.0\Bin;C:\Windows\system32;C:\Windows;C:\Windows\System32\Wbem;C:\Windows\System32\WindowsPowerShell\v1.0\;C:\Windows\System32\OpenSSH\;C:\Program Files (x86)\NVIDIA Corporation\PhysX\Common;C:\Program Files\NVIDIA Corporation\NVIDIA App\NvDLISR;C:\Program Files\Git\cmd;C:\Program Files\dotnet\;C:\Users\scmis\AppData\Local\Programs\Python\Launcher\;C:\Users\scmis\AppData\Local\Microsoft\WindowsApps;C:\Users\scmis\AppData\Local\JetBrains\Toolbox\scripts;C:\Users\scmis\.dotnet\tools
USERNAME=scmis
OS=Windows_NT
PROCESSOR_IDENTIFIER=Intel64 Family 6 Model 183 Stepping 1, GenuineIntel
TMP=C:\Users\scmis\AppData\Local\Temp
TEMP=C:\Users\scmis\AppData\Local\Temp




Periodic native trim disabled

---------------  S Y S T E M  ---------------

OS:
 Windows 10 , 64 bit Build 19041 (10.0.19041.4842)
OS uptime: 0 days 1:08 hours

CPU: total 32 (initial active 32) (16 cores per cpu, 2 threads per core) family 6 model 183 stepping 1 microcode 0x115, cx8, cmov, fxsr, ht, mmx, 3dnowpref, sse, sse2, sse3, ssse3, sse4.1, sse4.2, popcnt, lzcnt, tsc, tscinvbit, avx, avx2, aes, erms, clmul, bmi1, bmi2, adx, sha, fma, vzeroupper, clflush, clflushopt, clwb, serialize, rdtscp, rdpid, fsrm, f16c, pku, cet_ibt, cet_ss
Processor Information for all 32 processors :
  Max Mhz: 3000, Current Mhz: 3000, Mhz Limit: 3000

Memory: 4k page, system-wide physical 65371M (51106M free)
TotalPageFile size 75099M (AvailPageFile size 56473M)
current process WorkingSet (physical memory assigned to process): 184M, peak: 186M
current process commit charge ("private bytes"): 1335M, peak: 1337M

vm_info: OpenJDK 64-Bit Server VM (22.0.2+9-70) for windows-amd64 JRE (22.0.2+9-70), built on 2024-06-04T16:52:23Z by "mach5one" with MS VC++ 17.6 (VS2022)

END.
